<?xml version="1.0" encoding="UTF-8"?>
<testsuite name="FailingTest" tests="3" skipped="0" failures="0" errors="0" timestamp="2022-05-09T05:23:55" hostname="ACER-ASPIRE5" time="0.025">
  <properties/>
  <testcase name="test1" classname="FailingTest" time="0.024"/>
  <testcase name="test2" classname="FailingTest" time="0.001"/>
  <testcase name="test3" classname="FailingTest" time="0.0"/>
  <system-out><![CDATA[]]></system-out>
  <system-err><![CDATA[]]></system-err>
</testsuite>
