<?xml version="1.0" encoding="UTF-8"?>
<testsuite name="ComplimentaryTests" tests="2" skipped="0" failures="0" errors="0" timestamp="2022-05-09T05:23:55" hostname="ACER-ASPIRE5" time="0.012">
  <properties/>
  <testcase name="testANotValidDate" classname="ComplimentaryTests" time="0.011"/>
  <testcase name="testANotValidRating" classname="ComplimentaryTests" time="0.0"/>
  <system-out><![CDATA[]]></system-out>
  <system-err><![CDATA[]]></system-err>
</testsuite>
